Arguments: 
  C:\Program Files\nodejs\node.exe C:\Program Files (x86)\Yarn\bin\yarn.js init

PATH: 
  C:\Users\tcthaylan\Documents\cmder\vendor\bin;C:\Users\tcthaylan\Documents\cmder\vendor\conemu-maximus5\ConEmu\Scripts;C:\Users\tcthaylan\Documents\cmder\vendor\conemu-maximus5;C:\Users\tcthaylan\Documents\cmder\vendor\conemu-maximus5\ConEmu;C:\Program Files (x86)\Common Files\Oracle\Java\javapath;C:\WINDOWS\system32;C:\WINDOWS;C:\WINDOWS\System32\Wbem;C:\WINDOWS\System32\WindowsPowerShell\v1.0\;C:\Program Files\nodejs\;C:\ProgramData\chocolatey\bin;C:\WINDOWS\System32\OpenSSH\;C:\Program Files\Docker\Docker\resources\bin;C:\ProgramData\DockerDesktop\version-bin;C:\Program Files\Amazon\AWSCLIV2\;C:\Program Files\Amazon\AWSSAMCLI\bin\;C:\Program Files (x86)\Yarn\bin\;C:\Program Files\Git\cmd;C:\Users\tcthaylan\AppData\Local\Microsoft\WindowsApps;C:\Users\tcthaylan\AppData\Local\Programs\Microsoft VS Code\bin;C:\Users\tcthaylan\AppData\Roaming\npm;C:\Users\tcthaylan\AppData\Local\Android\Sdk\emulator;C:\Users\tcthaylan\AppData\Local\Android\Sdk\tools;C:\Users\tcthaylan\AppData\Local\Android\Sdk\tools\bin;C:\Users\tcthaylan\AppData\Local\Android\Sdk\platform-tools;C:\Users\tcthaylan\AppData\Local\Yarn\bin;C:\Program Files\Git\mingw64\bin;C:\Program Files\Git\usr\bin;C:\Users\tcthaylan\Documents\cmder

Yarn version: 
  1.22.5

Node version: 
  12.18.2

Platform: 
  win32 x64

Trace: 
  Error: canceled
      at Interface.<anonymous> (C:\Program Files (x86)\Yarn\lib\cli.js:137009:13)
      at Interface.emit (events.js:315:20)
      at Interface._ttyWrite (readline.js:866:16)
      at ReadStream.onkeypress (readline.js:205:10)
      at ReadStream.emit (events.js:315:20)
      at emitKeys (internal/readline/utils.js:335:14)
      at emitKeys.next (<anonymous>)
      at ReadStream.onData (readline.js:1133:36)
      at ReadStream.emit (events.js:315:20)
      at addChunk (_stream_readable.js:295:12)

npm manifest: 
  No manifest

yarn manifest: 
  No manifest

Lockfile: 
  No lockfile
